Using pre-set license
Built from '2020.2/staging' branch; Version is '2020.2.6f1 (8a2143876886) revision 9052483'; Using compiler version '192528614'; Build Type 'Release'
OS: 'Windows 10 Home; OS build 19043.1415; Version 2009; 64bit' Language: 'en' Physical Memory: 4013 MB
BatchMode: 1, IsHumanControllingUs: 0, StartBugReporterOnCrash: 0, Is64bit: 1, IsPro: 0

 COMMAND LINE ARGUMENTS:
C:\Program Files\Unity\Hub\Editor\2020.2.6f1\Editor\Unity.exe
-adb2
-batchMode
-noUpm
-name
AssetImportWorker26
-projectPath
C:/Users/kpetr/Desktop/NewStreet
-logFile
Logs/AssetImportWorker26.log
-srvPort
61522
Successfully changed project path to: C:/Users/kpetr/Desktop/NewStreet
C:/Users/kpetr/Desktop/NewStreet
Using Asset Import Pipeline V2.
Refreshing native plugins compatible for Editor in 269.01 ms, found 0 plugins.
Preloading 0 native plugins for Editor in 0.00 ms.
Initialize engine version: 2020.2.6f1 (8a2143876886)
[Subsystems] Discovering subsystems at path C:/Program Files/Unity/Hub/Editor/2020.2.6f1/Editor/Data/Resources/UnitySubsystems
[Subsystems] Discovering subsystems at path C:/Users/kpetr/Desktop/NewStreet/Assets
GfxDevice: creating device client; threaded=0
Direct3D:
    Version:  Direct3D 11.0 [level 11.1]
    Renderer: Intel(R) HD Graphics 615 (ID=0x591e)
    Vendor:   
    VRAM:     2006 MB
    Driver:   27.20.100.8682
Initialize mono
Mono path[0] = 'C:/Program Files/Unity/Hub/Editor/2020.2.6f1/Editor/Data/Managed'
Mono path[1] = 'C:/Program Files/Unity/Hub/Editor/2020.2.6f1/Editor/Data/MonoBleedingEdge/lib/mono/unityjit'
Mono config path = 'C:/Program Files/Unity/Hub/Editor/2020.2.6f1/Editor/Data/MonoBleedingEdge/etc'
Using monoOptions --debugger-agent=transport=dt_socket,embedding=1,server=y,suspend=n,address=127.0.0.1:56148
Begin MonoManager ReloadAssembly
Registering precompiled unity dll's ...
Register platform support module: C:/Program Files/Unity/Hub/Editor/2020.2.6f1/Editor/Data/PlaybackEngines/WindowsStandaloneSupport/UnityEditor.WindowsStandalone.Extensions.dll
Registered in 0.003262 seconds.
Native extension for WindowsStandalone target not found
Refreshing native plugins compatible for Editor in 172.83 ms, found 0 plugins.
Preloading 0 native plugins for Editor in 0.00 ms.
Invoked RoslynAnalysisRunner static constructor.
RoslynAnalysisRunner will not be running.
RoslynAnalysisRunner has terminated.
Mono: successfully reloaded assembly
- Completed reload, in  3.764 seconds
Platform modules already initialized, skipping
Registering precompiled user dll's ...
Registered in 0.005138 seconds.
Begin MonoManager ReloadAssembly
Native extension for WindowsStandalone target not found
Refreshing native plugins compatible for Editor in 161.31 ms, found 0 plugins.
Preloading 0 native plugins for Editor in 0.00 ms.
Invoked RoslynAnalysisRunner static constructor.
RoslynAnalysisRunner will not be running.
RoslynAnalysisRunner has terminated.
Mono: successfully reloaded assembly
- Completed reload, in  9.385 seconds
Platform modules already initialized, skipping
========================================================================
Worker process is ready to serve import requests
Launched and connected shader compiler UnityShaderCompiler.exe after 0.31 seconds
Refreshing native plugins compatible for Editor in 16.79 ms, found 0 plugins.
Preloading 0 native plugins for Editor in 0.00 ms.
Unloading 3849 Unused Serialized files (Serialized files now loaded: 0)
System memory in use before: 185.8 MB.
System memory in use after: 186.0 MB.

Unloading 13 unused Assets to reduce memory usage. Loaded Objects now: 4305.
Total: 823.281200 ms (FindLiveObjects: 55.443700 ms CreateObjectMapping: 1.063600 ms MarkObjects: 763.754300 ms  DeleteObjects: 2.999200 ms)

========================================================================
Received Import Request.
  path: Assets/Scenes/takeME.unitypackage
  artifactKey: Guid(965a0a3a437107b48b2ae7436ca4e0e9) Importer(815301076,1909f56bfc062723c751e8b465ee728b)
Start importing Assets/Scenes/takeME.unitypackage using Guid(965a0a3a437107b48b2ae7436ca4e0e9) Importer(815301076,1909f56bfc062723c751e8b465ee728b)  -> (artifact id: '041c3a125cb44de59faba2929389c954') in 1.818167 seconds
  Import took 2.004937 seconds .

========================================================================
Received Import Request.
  Time since last request: 0.003023 seconds.
  path: Assets/Scenes/NewStreet.unity
  artifactKey: Guid(8a9d045dfeac8f149ac5bb4009b6e7da) Importer(815301076,1909f56bfc062723c751e8b465ee728b)
Start importing Assets/Scenes/NewStreet.unity using Guid(8a9d045dfeac8f149ac5bb4009b6e7da) Importer(815301076,1909f56bfc062723c751e8b465ee728b)  -> (artifact id: 'c78683d51d499acdc6e8e73c4f4f4060') in 0.102142 seconds
  Import took 0.201637 seconds .

========================================================================
Received Import Request.
  Time since last request: 35.128331 seconds.
  path: Assets/Scenes/OutdoorsScene.unity
  artifactKey: Guid(57faa910186e5a14d9c522c1e28a41a1) Importer(815301076,1909f56bfc062723c751e8b465ee728b)
Start importing Assets/Scenes/OutdoorsScene.unity using Guid(57faa910186e5a14d9c522c1e28a41a1) Importer(815301076,1909f56bfc062723c751e8b465ee728b)  -> (artifact id: 'af1df81aeb3e94b70b3d5b691f1812ad') in 0.258422 seconds
  Import took 1.095639 seconds .

